<?xml version="1.0" encoding="UTF-8"?>
<testsuite xmlns:xsi="http://www.w3.org/2001/XMLSchema-instance" xsi:noNamespaceSchemaLocation="https://maven.apache.org/surefire/maven-surefire-plugin/xsd/surefire-test-report.xsd" name="com.leo.AppTest" time="0.07" tests="1" errors="0" skipped="0" failures="0">
  <properties>
    <property name="java.specification.version" value="13"/>
    <property name="sun.cpu.isalist" value="amd64"/>
    <property name="sun.jnu.encoding" value="GBK"/>
    <property name="java.class.path" value="D:\test\ssm_weCrowdFunding\WeCrowdFunding_potal_api\target\test-classes;D:\test\ssm_weCrowdFunding\WeCrowdFunding_potal_api\target\classes;D:\program\maven\local\maven_repository\javax\servlet\servlet-api\2.5\servlet-api-2.5.jar;D:\program\maven\local\maven_repository\javax\servlet\jsp\jsp-api\2.1.3-b06\jsp-api-2.1.3-b06.jar;D:\program\maven\local\maven_repository\org\glassfish\javax.servlet\3.0-b70\javax.servlet-3.0-b70.jar;D:\program\maven\local\maven_repository\javax\el\el-api\2.1.2-b05\el-api-2.1.2-b05.jar;D:\program\maven\local\maven_repository\org\springframework\spring-core\5.0.4.RELEASE\spring-core-5.0.4.RELEASE.jar;D:\program\maven\local\maven_repository\org\springframework\spring-jcl\5.0.4.RELEASE\spring-jcl-5.0.4.RELEASE.jar;D:\program\maven\local\maven_repository\org\springframework\spring-context\5.0.4.RELEASE\spring-context-5.0.4.RELEASE.jar;D:\program\maven\local\maven_repository\org\springframework\spring-aop\5.0.4.RELEASE\spring-aop-5.0.4.RELEASE.jar;D:\program\maven\local\maven_repository\org\springframework\spring-beans\5.0.4.RELEASE\spring-beans-5.0.4.RELEASE.jar;D:\program\maven\local\maven_repository\org\springframework\spring-expression\5.0.4.RELEASE\spring-expression-5.0.4.RELEASE.jar;D:\program\maven\local\maven_repository\org\springframework\spring-jdbc\5.0.3.RELEASE\spring-jdbc-5.0.3.RELEASE.jar;D:\program\maven\local\maven_repository\org\springframework\spring-tx\5.0.3.RELEASE\spring-tx-5.0.3.RELEASE.jar;D:\program\maven\local\maven_repository\org\springframework\spring-orm\5.0.2.RELEASE\spring-orm-5.0.2.RELEASE.jar;D:\program\maven\local\maven_repository\org\springframework\spring-web\5.0.4.RELEASE\spring-web-5.0.4.RELEASE.jar;D:\program\maven\local\maven_repository\org\springframework\spring-webmvc\5.0.4.RELEASE\spring-webmvc-5.0.4.RELEASE.jar;D:\program\maven\local\maven_repository\org\springframework\security\spring-security-web\5.0.1.RELEASE\spring-security-web-5.0.1.RELEASE.jar;D:\program\maven\local\maven_repository\org\springframework\security\spring-security-core\5.0.1.RELEASE\spring-security-core-5.0.1.RELEASE.jar;D:\program\maven\local\maven_repository\org\springframework\security\spring-security-config\5.0.1.RELEASE\spring-security-config-5.0.1.RELEASE.jar;D:\program\maven\local\maven_repository\org\springframework\security\spring-security-taglibs\5.0.1.RELEASE\spring-security-taglibs-5.0.1.RELEASE.jar;D:\program\maven\local\maven_repository\org\springframework\security\spring-security-acl\5.0.1.RELEASE\spring-security-acl-5.0.1.RELEASE.jar;D:\program\maven\local\maven_repository\org\aspectj\aspectjweaver\1.6.8\aspectjweaver-1.6.8.jar;D:\program\maven\local\maven_repository\mysql\mysql-connector-java\8.0.16\mysql-connector-java-8.0.16.jar;D:\program\maven\local\maven_repository\com\google\protobuf\protobuf-java\3.6.1\protobuf-java-3.6.1.jar;D:\program\maven\local\maven_repository\com\mchange\c3p0\0.9.2\c3p0-0.9.2.jar;D:\program\maven\local\maven_repository\com\mchange\mchange-commons-java\0.2.3.3\mchange-commons-java-0.2.3.3.jar;D:\program\maven\local\maven_repository\org\mybatis\mybatis\3.4.5\mybatis-3.4.5.jar;D:\program\maven\local\maven_repository\org\mybatis\mybatis-spring\1.3.1\mybatis-spring-1.3.1.jar;D:\program\maven\local\maven_repository\org\slf4j\slf4j-api\1.7.25\slf4j-api-1.7.25.jar;D:\program\maven\local\maven_repository\org\thymeleaf\thymeleaf-spring5\3.0.11.RELEASE\thymeleaf-spring5-3.0.11.RELEASE.jar;D:\program\maven\local\maven_repository\org\thymeleaf\thymeleaf\3.0.11.RELEASE\thymeleaf-3.0.11.RELEASE.jar;D:\program\maven\local\maven_repository\org\attoparser\attoparser\2.0.5.RELEASE\attoparser-2.0.5.RELEASE.jar;D:\program\maven\local\maven_repository\org\unbescape\unbescape\1.1.6.RELEASE\unbescape-1.1.6.RELEASE.jar;D:\program\maven\local\maven_repository\jstl\jstl\1.2\jstl-1.2.jar;D:\program\maven\local\maven_repository\org\quartz-scheduler\quartz\1.8.5\quartz-1.8.5.jar;D:\program\maven\local\maven_repository\javax\transaction\jta\1.1\jta-1.1.jar;D:\program\maven\local\maven_repository\org\springframework\spring-context-support\4.0.0.RELEASE\spring-context-support-4.0.0.RELEASE.jar;D:\program\maven\local\maven_repository\commons-collections\commons-collections\3.1\commons-collections-3.1.jar;D:\program\maven\local\maven_repository\org\codehaus\jackson\jackson-mapper-asl\1.9.2\jackson-mapper-asl-1.9.2.jar;D:\program\maven\local\maven_repository\org\codehaus\jackson\jackson-core-asl\1.9.2\jackson-core-asl-1.9.2.jar;D:\program\maven\local\maven_repository\org\apache\poi\poi\3.9\poi-3.9.jar;D:\program\maven\local\maven_repository\commons-codec\commons-codec\1.5\commons-codec-1.5.jar;D:\program\maven\local\maven_repository\org\jfree\jfreechart\1.0.19\jfreechart-1.0.19.jar;D:\program\maven\local\maven_repository\org\jfree\jcommon\1.0.23\jcommon-1.0.23.jar;D:\program\maven\local\maven_repository\commons-fileupload\commons-fileupload\1.3.1\commons-fileupload-1.3.1.jar;D:\program\maven\local\maven_repository\commons-io\commons-io\2.6\commons-io-2.6.jar;D:\program\maven\local\maven_repository\org\freemarker\freemarker\2.3.19\freemarker-2.3.19.jar;D:\program\maven\local\maven_repository\org\activiti\activiti-engine\5.15.1\activiti-engine-5.15.1.jar;D:\program\maven\local\maven_repository\org\activiti\activiti-bpmn-converter\5.15.1\activiti-bpmn-converter-5.15.1.jar;D:\program\maven\local\maven_repository\org\activiti\activiti-bpmn-model\5.15.1\activiti-bpmn-model-5.15.1.jar;D:\program\maven\local\maven_repository\org\activiti\activiti-process-validation\5.15.1\activiti-process-validation-5.15.1.jar;D:\program\maven\local\maven_repository\org\apache\commons\commons-lang3\3.1\commons-lang3-3.1.jar;D:\program\maven\local\maven_repository\joda-time\joda-time\2.1\joda-time-2.1.jar;D:\program\maven\local\maven_repository\org\slf4j\jcl-over-slf4j\1.7.6\jcl-over-slf4j-1.7.6.jar;D:\program\maven\local\maven_repository\org\activiti\activiti-spring\5.15.1\activiti-spring-5.15.1.jar;D:\program\maven\local\maven_repository\commons-dbcp\commons-dbcp\1.4\commons-dbcp-1.4.jar;D:\program\maven\local\maven_repository\commons-pool\commons-pool\1.5.4\commons-pool-1.5.4.jar;D:\program\maven\local\maven_repository\org\apache\commons\commons-email\1.3.1\commons-email-1.3.1.jar;D:\program\maven\local\maven_repository\javax\mail\mail\1.4.5\mail-1.4.5.jar;D:\program\maven\local\maven_repository\javax\activation\activation\1.1.1\activation-1.1.1.jar;D:\program\maven\local\maven_repository\org\activiti\activiti-explorer\5.15.1\activiti-explorer-5.15.1.jar;D:\program\maven\local\maven_repository\org\activiti\activiti-json-converter\5.15.1\activiti-json-converter-5.15.1.jar;D:\program\maven\local\maven_repository\math\geom2d\javaGeom\0.11.1\javaGeom-0.11.1.jar;D:\program\maven\local\maven_repository\org\activiti\activiti-simple-workflow\5.15.1\activiti-simple-workflow-5.15.1.jar;D:\program\maven\local\maven_repository\org\activiti\activiti-bpmn-layout\5.15.1\activiti-bpmn-layout-5.15.1.jar;D:\program\maven\local\maven_repository\org\tinyjee\jgraphx\jgraphx\1.10.4.1\jgraphx-1.10.4.1.jar;D:\program\maven\local\maven_repository\org\slf4j\slf4j-log4j12\1.7.6\slf4j-log4j12-1.7.6.jar;D:\program\maven\local\maven_repository\log4j\log4j\1.2.17\log4j-1.2.17.jar;D:\program\maven\local\maven_repository\com\vaadin\vaadin\6.8.8\vaadin-6.8.8.jar;D:\program\maven\local\maven_repository\com\h2database\h2\1.3.170\h2-1.3.170.jar;D:\program\maven\local\maven_repository\org\imgscalr\imgscalr-lib\4.2\imgscalr-lib-4.2.jar;D:\program\maven\local\maven_repository\org\vaadin\addons\dcharts-widget\0.10.0\dcharts-widget-0.10.0.jar;D:\test\ssm_weCrowdFunding\WeCrowdFunding_common\target\WeCrowdFunding_common-1.0-SNAPSHOT.jar;D:\program\maven\local\maven_repository\org\springframework\data\spring-data-redis\1.6.2.RELEASE\spring-data-redis-1.6.2.RELEASE.jar;D:\program\maven\local\maven_repository\redis\clients\jedis\2.8.1\jedis-2.8.1.jar;D:\program\maven\local\maven_repository\org\apache\commons\commons-pool2\2.4.2\commons-pool2-2.4.2.jar;D:\program\maven\local\maven_repository\org\springframework\session\spring-session-data-redis\1.2.1.RELEASE\spring-session-data-redis-1.2.1.RELEASE.jar;D:\program\maven\local\maven_repository\org\springframework\session\spring-session\1.2.1.RELEASE\spring-session-1.2.1.RELEASE.jar;D:\program\maven\local\maven_repository\commons-logging\commons-logging\1.2\commons-logging-1.2.jar;D:\program\maven\local\maven_repository\org\apache\logging\log4j\log4j-api\2.11.1\log4j-api-2.11.1.jar;D:\test\ssm_weCrowdFunding\WeCrowdFunding_manager_api\target\WeCrowdFunding_manager_api-1.0-SNAPSHOT.jar;D:\program\maven\local\maven_repository\org\projectlombok\lombok\1.18.12\lombok-1.18.12.jar;D:\test\ssm_weCrowdFunding\WeCrowdFunding_bean\target\WeCrowdFunding_bean-1.0-SNAPSHOT.jar;D:\program\maven\local\maven_repository\junit\junit\4.11\junit-4.11.jar;D:\program\maven\local\maven_repository\org\hamcrest\hamcrest-core\1.3\hamcrest-core-1.3.jar;"/>
    <property name="java.vm.vendor" value="Oracle Corporation"/>
    <property name="sun.arch.data.model" value="64"/>
    <property name="user.variant" value=""/>
    <property name="java.vendor.url" value="https://java.oracle.com/"/>
    <property name="user.timezone" value="Asia/Shanghai"/>
    <property name="os.name" value="Windows 10"/>
    <property name="java.vm.specification.version" value="13"/>
    <property name="sun.java.launcher" value="SUN_STANDARD"/>
    <property name="user.country" value="CN"/>
    <property name="sun.boot.library.path" value="D:\program\java\bin"/>
    <property name="sun.java.command" value="C:\Users\S1\AppData\Local\Temp\surefire7940996812361341376\surefirebooter5992391773813783197.jar C:\Users\S1\AppData\Local\Temp\surefire7940996812361341376 2020-05-03T15-54-46_557-jvmRun1 surefire6697729173666368147tmp surefire_36283592233088438721tmp"/>
    <property name="jdk.debug" value="release"/>
    <property name="surefire.test.class.path" value="D:\test\ssm_weCrowdFunding\WeCrowdFunding_potal_api\target\test-classes;D:\test\ssm_weCrowdFunding\WeCrowdFunding_potal_api\target\classes;D:\program\maven\local\maven_repository\javax\servlet\servlet-api\2.5\servlet-api-2.5.jar;D:\program\maven\local\maven_repository\javax\servlet\jsp\jsp-api\2.1.3-b06\jsp-api-2.1.3-b06.jar;D:\program\maven\local\maven_repository\org\glassfish\javax.servlet\3.0-b70\javax.servlet-3.0-b70.jar;D:\program\maven\local\maven_repository\javax\el\el-api\2.1.2-b05\el-api-2.1.2-b05.jar;D:\program\maven\local\maven_repository\org\springframework\spring-core\5.0.4.RELEASE\spring-core-5.0.4.RELEASE.jar;D:\program\maven\local\maven_repository\org\springframework\spring-jcl\5.0.4.RELEASE\spring-jcl-5.0.4.RELEASE.jar;D:\program\maven\local\maven_repository\org\springframework\spring-context\5.0.4.RELEASE\spring-context-5.0.4.RELEASE.jar;D:\program\maven\local\maven_repository\org\springframework\spring-aop\5.0.4.RELEASE\spring-aop-5.0.4.RELEASE.jar;D:\program\maven\local\maven_repository\org\springframework\spring-beans\5.0.4.RELEASE\spring-beans-5.0.4.RELEASE.jar;D:\program\maven\local\maven_repository\org\springframework\spring-expression\5.0.4.RELEASE\spring-expression-5.0.4.RELEASE.jar;D:\program\maven\local\maven_repository\org\springframework\spring-jdbc\5.0.3.RELEASE\spring-jdbc-5.0.3.RELEASE.jar;D:\program\maven\local\maven_repository\org\springframework\spring-tx\5.0.3.RELEASE\spring-tx-5.0.3.RELEASE.jar;D:\program\maven\local\maven_repository\org\springframework\spring-orm\5.0.2.RELEASE\spring-orm-5.0.2.RELEASE.jar;D:\program\maven\local\maven_repository\org\springframework\spring-web\5.0.4.RELEASE\spring-web-5.0.4.RELEASE.jar;D:\program\maven\local\maven_repository\org\springframework\spring-webmvc\5.0.4.RELEASE\spring-webmvc-5.0.4.RELEASE.jar;D:\program\maven\local\maven_repository\org\springframework\security\spring-security-web\5.0.1.RELEASE\spring-security-web-5.0.1.RELEASE.jar;D:\program\maven\local\maven_repository\org\springframework\security\spring-security-core\5.0.1.RELEASE\spring-security-core-5.0.1.RELEASE.jar;D:\program\maven\local\maven_repository\org\springframework\security\spring-security-config\5.0.1.RELEASE\spring-security-config-5.0.1.RELEASE.jar;D:\program\maven\local\maven_repository\org\springframework\security\spring-security-taglibs\5.0.1.RELEASE\spring-security-taglibs-5.0.1.RELEASE.jar;D:\program\maven\local\maven_repository\org\springframework\security\spring-security-acl\5.0.1.RELEASE\spring-security-acl-5.0.1.RELEASE.jar;D:\program\maven\local\maven_repository\org\aspectj\aspectjweaver\1.6.8\aspectjweaver-1.6.8.jar;D:\program\maven\local\maven_repository\mysql\mysql-connector-java\8.0.16\mysql-connector-java-8.0.16.jar;D:\program\maven\local\maven_repository\com\google\protobuf\protobuf-java\3.6.1\protobuf-java-3.6.1.jar;D:\program\maven\local\maven_repository\com\mchange\c3p0\0.9.2\c3p0-0.9.2.jar;D:\program\maven\local\maven_repository\com\mchange\mchange-commons-java\0.2.3.3\mchange-commons-java-0.2.3.3.jar;D:\program\maven\local\maven_repository\org\mybatis\mybatis\3.4.5\mybatis-3.4.5.jar;D:\program\maven\local\maven_repository\org\mybatis\mybatis-spring\1.3.1\mybatis-spring-1.3.1.jar;D:\program\maven\local\maven_repository\org\slf4j\slf4j-api\1.7.25\slf4j-api-1.7.25.jar;D:\program\maven\local\maven_repository\org\thymeleaf\thymeleaf-spring5\3.0.11.RELEASE\thymeleaf-spring5-3.0.11.RELEASE.jar;D:\program\maven\local\maven_repository\org\thymeleaf\thymeleaf\3.0.11.RELEASE\thymeleaf-3.0.11.RELEASE.jar;D:\program\maven\local\maven_repository\org\attoparser\attoparser\2.0.5.RELEASE\attoparser-2.0.5.RELEASE.jar;D:\program\maven\local\maven_repository\org\unbescape\unbescape\1.1.6.RELEASE\unbescape-1.1.6.RELEASE.jar;D:\program\maven\local\maven_repository\jstl\jstl\1.2\jstl-1.2.jar;D:\program\maven\local\maven_repository\org\quartz-scheduler\quartz\1.8.5\quartz-1.8.5.jar;D:\program\maven\local\maven_repository\javax\transaction\jta\1.1\jta-1.1.jar;D:\program\maven\local\maven_repository\org\springframework\spring-context-support\4.0.0.RELEASE\spring-context-support-4.0.0.RELEASE.jar;D:\program\maven\local\maven_repository\commons-collections\commons-collections\3.1\commons-collections-3.1.jar;D:\program\maven\local\maven_repository\org\codehaus\jackson\jackson-mapper-asl\1.9.2\jackson-mapper-asl-1.9.2.jar;D:\program\maven\local\maven_repository\org\codehaus\jackson\jackson-core-asl\1.9.2\jackson-core-asl-1.9.2.jar;D:\program\maven\local\maven_repository\org\apache\poi\poi\3.9\poi-3.9.jar;D:\program\maven\local\maven_repository\commons-codec\commons-codec\1.5\commons-codec-1.5.jar;D:\program\maven\local\maven_repository\org\jfree\jfreechart\1.0.19\jfreechart-1.0.19.jar;D:\program\maven\local\maven_repository\org\jfree\jcommon\1.0.23\jcommon-1.0.23.jar;D:\program\maven\local\maven_repository\commons-fileupload\commons-fileupload\1.3.1\commons-fileupload-1.3.1.jar;D:\program\maven\local\maven_repository\commons-io\commons-io\2.6\commons-io-2.6.jar;D:\program\maven\local\maven_repository\org\freemarker\freemarker\2.3.19\freemarker-2.3.19.jar;D:\program\maven\local\maven_repository\org\activiti\activiti-engine\5.15.1\activiti-engine-5.15.1.jar;D:\program\maven\local\maven_repository\org\activiti\activiti-bpmn-converter\5.15.1\activiti-bpmn-converter-5.15.1.jar;D:\program\maven\local\maven_repository\org\activiti\activiti-bpmn-model\5.15.1\activiti-bpmn-model-5.15.1.jar;D:\program\maven\local\maven_repository\org\activiti\activiti-process-validation\5.15.1\activiti-process-validation-5.15.1.jar;D:\program\maven\local\maven_repository\org\apache\commons\commons-lang3\3.1\commons-lang3-3.1.jar;D:\program\maven\local\maven_repository\joda-time\joda-time\2.1\joda-time-2.1.jar;D:\program\maven\local\maven_repository\org\slf4j\jcl-over-slf4j\1.7.6\jcl-over-slf4j-1.7.6.jar;D:\program\maven\local\maven_repository\org\activiti\activiti-spring\5.15.1\activiti-spring-5.15.1.jar;D:\program\maven\local\maven_repository\commons-dbcp\commons-dbcp\1.4\commons-dbcp-1.4.jar;D:\program\maven\local\maven_repository\commons-pool\commons-pool\1.5.4\commons-pool-1.5.4.jar;D:\program\maven\local\maven_repository\org\apache\commons\commons-email\1.3.1\commons-email-1.3.1.jar;D:\program\maven\local\maven_repository\javax\mail\mail\1.4.5\mail-1.4.5.jar;D:\program\maven\local\maven_repository\javax\activation\activation\1.1.1\activation-1.1.1.jar;D:\program\maven\local\maven_repository\org\activiti\activiti-explorer\5.15.1\activiti-explorer-5.15.1.jar;D:\program\maven\local\maven_repository\org\activiti\activiti-json-converter\5.15.1\activiti-json-converter-5.15.1.jar;D:\program\maven\local\maven_repository\math\geom2d\javaGeom\0.11.1\javaGeom-0.11.1.jar;D:\program\maven\local\maven_repository\org\activiti\activiti-simple-workflow\5.15.1\activiti-simple-workflow-5.15.1.jar;D:\program\maven\local\maven_repository\org\activiti\activiti-bpmn-layout\5.15.1\activiti-bpmn-layout-5.15.1.jar;D:\program\maven\local\maven_repository\org\tinyjee\jgraphx\jgraphx\1.10.4.1\jgraphx-1.10.4.1.jar;D:\program\maven\local\maven_repository\org\slf4j\slf4j-log4j12\1.7.6\slf4j-log4j12-1.7.6.jar;D:\program\maven\local\maven_repository\log4j\log4j\1.2.17\log4j-1.2.17.jar;D:\program\maven\local\maven_repository\com\vaadin\vaadin\6.8.8\vaadin-6.8.8.jar;D:\program\maven\local\maven_repository\com\h2database\h2\1.3.170\h2-1.3.170.jar;D:\program\maven\local\maven_repository\org\imgscalr\imgscalr-lib\4.2\imgscalr-lib-4.2.jar;D:\program\maven\local\maven_repository\org\vaadin\addons\dcharts-widget\0.10.0\dcharts-widget-0.10.0.jar;D:\test\ssm_weCrowdFunding\WeCrowdFunding_common\target\WeCrowdFunding_common-1.0-SNAPSHOT.jar;D:\program\maven\local\maven_repository\org\springframework\data\spring-data-redis\1.6.2.RELEASE\spring-data-redis-1.6.2.RELEASE.jar;D:\program\maven\local\maven_repository\redis\clients\jedis\2.8.1\jedis-2.8.1.jar;D:\program\maven\local\maven_repository\org\apache\commons\commons-pool2\2.4.2\commons-pool2-2.4.2.jar;D:\program\maven\local\maven_repository\org\springframework\session\spring-session-data-redis\1.2.1.RELEASE\spring-session-data-redis-1.2.1.RELEASE.jar;D:\program\maven\local\maven_repository\org\springframework\session\spring-session\1.2.1.RELEASE\spring-session-1.2.1.RELEASE.jar;D:\program\maven\local\maven_repository\commons-logging\commons-logging\1.2\commons-logging-1.2.jar;D:\program\maven\local\maven_repository\org\apache\logging\log4j\log4j-api\2.11.1\log4j-api-2.11.1.jar;D:\test\ssm_weCrowdFunding\WeCrowdFunding_manager_api\target\WeCrowdFunding_manager_api-1.0-SNAPSHOT.jar;D:\program\maven\local\maven_repository\org\projectlombok\lombok\1.18.12\lombok-1.18.12.jar;D:\test\ssm_weCrowdFunding\WeCrowdFunding_bean\target\WeCrowdFunding_bean-1.0-SNAPSHOT.jar;D:\program\maven\local\maven_repository\junit\junit\4.11\junit-4.11.jar;D:\program\maven\local\maven_repository\org\hamcrest\hamcrest-core\1.3\hamcrest-core-1.3.jar;"/>
    <property name="sun.cpu.endian" value="little"/>
    <property name="user.home" value="C:\Users\S1"/>
    <property name="user.language" value="zh"/>
    <property name="java.specification.vendor" value="Oracle Corporation"/>
    <property name="java.version.date" value="2019-10-15"/>
    <property name="java.home" value="D:\program\java"/>
    <property name="file.separator" value="\"/>
    <property name="basedir" value="D:\test\ssm_weCrowdFunding\WeCrowdFunding_potal_api"/>
    <property name="java.vm.compressedOopsMode" value="32-bit"/>
    <property name="line.separator" value="&#10;"/>
    <property name="java.vm.specification.vendor" value="Oracle Corporation"/>
    <property name="java.specification.name" value="Java Platform API Specification"/>
    <property name="surefire.real.class.path" value="C:\Users\S1\AppData\Local\Temp\surefire7940996812361341376\surefirebooter5992391773813783197.jar"/>
    <property name="user.script" value=""/>
    <property name="sun.management.compiler" value="HotSpot 64-Bit Tiered Compilers"/>
    <property name="java.runtime.version" value="13.0.1+9"/>
    <property name="user.name" value="S1"/>
    <property name="path.separator" value=";"/>
    <property name="os.version" value="10.0"/>
    <property name="java.runtime.name" value="Java(TM) SE Runtime Environment"/>
    <property name="file.encoding" value="GBK"/>
    <property name="java.vm.name" value="Java HotSpot(TM) 64-Bit Server VM"/>
    <property name="localRepository" value="D:\program\maven\local\maven_repository"/>
    <property name="java.vendor.url.bug" value="https://bugreport.java.com/bugreport/"/>
    <property name="java.io.tmpdir" value="C:\Users\S1\AppData\Local\Temp\"/>
    <property name="idea.version" value="2018.1"/>
    <property name="java.version" value="13.0.1"/>
    <property name="user.dir" value="D:\test\ssm_weCrowdFunding\WeCrowdFunding_potal_api"/>
    <property name="os.arch" value="amd64"/>
    <property name="java.vm.specification.name" value="Java Virtual Machine Specification"/>
    <property name="sun.os.patch.level" value=""/>
    <property name="java.library.path" value="D:\program\java\bin;C:\WINDOWS\Sun\Java\bin;C:\WINDOWS\system32;C:\WINDOWS;D:\program\Xftp 6\;C:\Users\S1\AppData\Local\Programs\Python\Python37\Scripts\;C:\Users\S1\AppData\Local\Programs\Python\Python37\;D:\program\python\Scripts\;D:\program\python\;C:\Program Files (x86)\Intel\Intel(R) Management Engine Components\iCLS\;C:\Program Files\Intel\Intel(R) Management Engine Components\iCLS\;C:\Windows\system32;C:\Windows;C:\Windows\System32\Wbem;C:\Windows\System32\WindowsPowerShell\v1.0\;C:\Windows\System32\OpenSSH\;C:\Program Files (x86)\Intel\Intel(R) Management Engine Components\DAL;C:\Program Files\Intel\Intel(R) Management Engine Components\DAL;C:\Program Files (x86)\Intel\Intel(R) Management Engine Components\IPT;C:\Program Files\Intel\Intel(R) Management Engine Components\IPT;C:\Program Files\Intel\WiFi\bin\;C:\Program Files\Common Files\Intel\WirelessCommon\;C:\Program Files (x86)\NVIDIA Corporation\PhysX\Common;C:\WINDOWS\system32;C:\WINDOWS;C:\WINDOWS\System32\Wbem;C:\WINDOWS\System32\WindowsPowerShell\v1.0\;C:\WINDOWS\System32\OpenSSH\;D:\program\redis\;C:\WINDOWS\system32\config\systemprofile\.dnx\bin;C:\Program Files\Microsoft DNX\Dnvm\;D:\program\java\bin\;D:\program\myEclipse\binary\com.sun.java.jdk11.win32.x86_64_1.11.2\bin;D:\program\java\bin;D:\program\maven\apache-maven-3.5.2\bin;D:\program\git\Git\cmd;D:\program\tortoiseGit\bin;D:\program\mysql\bin;C:\Program Files\MySQL\MySQL Server 8.0\bin\;C:\Users\S1\AppData\Local\Microsoft\WindowsApps;D:\program\pycharm\PyCharm 2019.1\bin;;D:\program\myEclipse\binary\com.sun.java.jdk11.win32.x86_64_1.11.2\bin\;;."/>
    <property name="java.vm.info" value="mixed mode, sharing"/>
    <property name="java.vendor" value="Oracle Corporation"/>
    <property name="java.vm.version" value="13.0.1+9"/>
    <property name="sun.io.unicode.encoding" value="UnicodeLittle"/>
    <property name="java.class.version" value="57.0"/>
  </properties>
  <testcase name="shouldAnswerWithTrue" classname="com.leo.AppTest" time="0.001"/>
</testsuite>